{
  "RSpec": {
    "coverage": {
      "/Users/zoekavanagh/Projects/bank_tech_test/spec/bank_account_spec.rb": [
        1,
        1,
        null,
        1,
        10,
        10,
        1,
        2,
        null,
        null,
        2,
        null,
        1,
        1,
        1,
        null,
        null,
        null,
        1,
        1,
        1,
        1,
        null,
        null,
        1,
        1,
        1,
        null,
        null,
        1,
        2,
        null,
        null,
        null,
        1,
        1,
        1,
        1,
        1,
        null,
        null,
        1,
        2,
        null,
        null,
        1,
        1,
        2,
        null,
        null,
        1,
        1,
        1,
        1,
        null,
        null,
        null,
        1,
        1,
        1,
        null,
        null,
        null
      ],
      "/Users/zoekavanagh/Projects/bank_tech_test/lib/bank_account.rb": [
        1,
        1,
        1,
        null,
        1,
        1,
        null,
        1,
        null,
        1,
        10,
        10,
        null,
        null,
        1,
        6,
        5,
        5,
        null,
        null,
        1,
        4,
        3,
        2,
        2,
        null,
        null,
        1,
        1,
        1,
        null,
        null
      ],
      "/Users/zoekavanagh/Projects/bank_tech_test/lib/transaction_history.rb": [
        1,
        null,
        1,
        null,
        1,
        8,
        null,
        null,
        1,
        3,
        null,
        null,
        1,
        3,
        null,
        null,
        null,
        null
      ],
      "/Users/zoekavanagh/Projects/bank_tech_test/lib/print_statement.rb": [
        1,
        null,
        1,
        null,
        1,
        1,
        null,
        null,
        1,
        1,
        1,
        1,
        1,
        1,
        1,
        1,
        null,
        null,
        null
      ],
      "/Users/zoekavanagh/Projects/bank_tech_test/spec/print_statement_spec.rb": [
        1,
        null,
        1,
        2,
        2,
        null,
        1,
        1,
        2,
        null,
        null,
        null,
        null
      ],
      "/Users/zoekavanagh/Projects/bank_tech_test/spec/transaction_history_spec.rb": [
        1,
        null,
        1,
        8,
        null,
        1,
        1,
        1,
        null,
        null,
        null,
        1,
        1,
        1,
        1,
        null,
        null,
        1,
        1,
        1,
        null,
        null,
        1,
        1,
        1,
        null,
        null,
        null,
        1,
        1,
        1,
        1,
        null,
        null,
        1,
        1,
        1,
        null,
        null,
        1,
        1,
        1,
        null,
        null,
        null
      ]
    },
    "timestamp": 1529426763
  }
}
