{
  "RSpec": {
    "coverage": {
      "/Users/zoekavanagh/Projects/bank_tech_test/spec/bank_account_spec.rb": [
        null,
        null,
        1,
        1,
        null,
        1,
        10,
        10,
        10,
        10,
        null,
        2,
        null,
        1,
        1,
        1,
        null,
        null,
        null,
        1,
        1,
        1,
        1,
        null,
        null,
        1,
        1,
        1,
        null,
        null,
        1,
        2,
        null,
        null,
        null,
        1,
        1,
        1,
        1,
        1,
        null,
        null,
        1,
        2,
        null,
        null,
        1,
        1,
        2,
        null,
        null,
        1,
        1,
        1,
        1,
        null,
        null,
        null,
        1,
        1,
        1,
        null,
        null,
        null
      ],
      "/Users/zoekavanagh/Projects/bank_tech_test/lib/bank_account.rb": [
        null,
        null,
        1,
        1,
        1,
        null,
        1,
        1,
        1,
        1,
        null,
        1,
        null,
        1,
        11,
        11,
        11,
        null,
        null,
        1,
        8,
        7,
        7,
        null,
        null,
        1,
        5,
        4,
        3,
        3,
        null,
        null,
        1,
        2,
        2,
        null,
        null
      ],
      "/Users/zoekavanagh/Projects/bank_tech_test/lib/transaction_history.rb": [
        null,
        null,
        1,
        null,
        1,
        null,
        1,
        9,
        null,
        null,
        1,
        5,
        null,
        null,
        1,
        4,
        null,
        null
      ],
      "/Users/zoekavanagh/Projects/bank_tech_test/lib/print_statement.rb": [
        null,
        null,
        1,
        null,
        1,
        null,
        null,
        1,
        2,
        2,
        2,
        4,
        4,
        4,
        4,
        null,
        null,
        null
      ],
      "/Users/zoekavanagh/Projects/bank_tech_test/spec/feature_tests_spec.rb": [
        1,
        null,
        1,
        1,
        1,
        null,
        1,
        1,
        1,
        null,
        2,
        null,
        null
      ],
      "/Users/zoekavanagh/Projects/bank_tech_test/spec/print_statement_spec.rb": [
        null,
        null,
        1,
        null,
        1,
        2,
        2,
        null,
        1,
        1,
        2,
        null,
        null,
        null
      ],
      "/Users/zoekavanagh/Projects/bank_tech_test/spec/transaction_history_spec.rb": [
        null,
        null,
        1,
        null,
        1,
        8,
        null,
        1,
        1,
        1,
        null,
        null,
        null,
        1,
        1,
        1,
        1,
        null,
        null,
        1,
        1,
        1,
        null,
        null,
        1,
        1,
        1,
        null,
        null,
        null,
        1,
        1,
        1,
        1,
        null,
        null,
        1,
        1,
        1,
        null,
        null,
        1,
        1,
        1,
        null,
        null,
        null
      ]
    },
    "timestamp": 1529521102
  }
}
